# JRE version: OpenJDK Runtime Environment (8.0_212) (build 1.8.0_212-release-1586-b4-5784211)
# Java VM: OpenJDK 64-Bit Server VM (25.212-b4-5784211 mixed mode linux-amd64 compressed oops)
Heap:
 PSYoungGen      total 459264K, used 119595K [0x00000000e0000000, 0x0000000100000000, 0x0000000100000000)
  eden space 402432K, 20% used [0x00000000e0000000,0x00000000e4f2e3c0,0x00000000f8900000)
  from space 56832K, 67% used [0x00000000fc180000,0x00000000fe71c930,0x00000000ff900000)
  to   space 57856K, 0% used [0x00000000f8900000,0x00000000f8900000,0x00000000fc180000)
 ParOldGen       total 626176K, used 56325K [0x00000000a0000000, 0x00000000c6380000, 0x00000000e0000000)
  object space 626176K, 8% used [0x00000000a0000000,0x00000000a3701420,0x00000000c6380000)
 Metaspace       used 93859K, capacity 97848K, committed 99480K, reserved 1136640K
  class space    used 12072K, capacity 12860K, committed 13224K, reserved 1048576K
GC Heap History (10 events):
Event: 9.414 GC heap before
{Heap before GC invocations=10 (full 3):
 PSYoungGen      total 485888K, used 485869K [0x00000000e0000000, 0x0000000100000000, 0x0000000100000000)
  eden space 456704K, 100% used [0x00000000e0000000,0x00000000fbe00000,0x00000000fbe00000)
  from space 29184K, 99% used [0x00000000fe380000,0x00000000ffffb7e8,0x0000000100000000)
  to   space 33792K, 0% used [0x00000000fbe00000,0x00000000fbe00000,0x00000000fdf00000)
 ParOldGen       total 424448K, used 32766K [0x00000000a0000000, 0x00000000b9e80000, 0x00000000e0000000)
  object space 424448K, 7% used [0x00000000a0000000,0x00000000a1fff8b0,0x00000000b9e80000)
 Metaspace       used 83929K, capacity 88224K, committed 88344K, reserved 1126400K
  class space    used 11245K, capacity 12036K, committed 12072K, reserved 1048576K
Event: 9.440 GC heap after
Heap after GC invocations=10 (full 3):
 PSYoungGen      total 490496K, used 33788K [0x00000000e0000000, 0x0000000100000000, 0x0000000100000000)
  eden space 456704K, 0% used [0x00000000e0000000,0x00000000e0000000,0x00000000fbe00000)
  from space 33792K, 99% used [0x00000000fbe00000,0x00000000fdeff398,0x00000000fdf00000)
  to   space 33792K, 0% used [0x00000000fdf00000,0x00000000fdf00000,0x0000000100000000)
 ParOldGen       total 424448K, used 55228K [0x00000000a0000000, 0x00000000b9e80000, 0x00000000e0000000)
  object space 424448K, 13% used [0x00000000a0000000,0x00000000a35ef088,0x00000000b9e80000)
 Metaspace       used 83929K, capacity 88224K, committed 88344K, reserved 1126400K
  class space    used 11245K, capacity 12036K, committed 12072K, reserved 1048576K
}
Event: 90.786 GC heap before
{Heap before GC invocations=11 (full 3):
 PSYoungGen      total 490496K, used 490492K [0x00000000e0000000, 0x0000000100000000, 0x0000000100000000)
  eden space 456704K, 100% used [0x00000000e0000000,0x00000000fbe00000,0x00000000fbe00000)
  from space 33792K, 99% used [0x00000000fbe00000,0x00000000fdeff398,0x00000000fdf00000)
  to   space 33792K, 0% used [0x00000000fdf00000,0x00000000fdf00000,0x0000000100000000)
 ParOldGen       total 424448K, used 55228K [0x00000000a0000000, 0x00000000b9e80000, 0x00000000e0000000)
  object space 424448K, 13% used [0x00000000a0000000,0x00000000a35ef088,0x00000000b9e80000)
 Metaspace       used 91436K, capacity 96306K, committed 96536K, reserved 1132544K
  class space    used 12086K, capacity 12977K, committed 13096K, reserved 1048576K
Event: 90.811 GC heap after
Heap after GC invocations=11 (full 3):
 PSYoungGen      total 447488K, used 33783K [0x00000000e0000000, 0x0000000100000000, 0x0000000100000000)
  eden space 413696K, 0% used [0x00000000e0000000,0x00000000e0000000,0x00000000f9400000)
  from space 33792K, 99% used [0x00000000fdf00000,0x00000000ffffde20,0x0000000100000000)
  to   space 55296K, 0% used [0x00000000f9400000,0x00000000f9400000,0x00000000fca00000)
 ParOldGen       total 424448K, used 65704K [0x00000000a0000000, 0x00000000b9e80000, 0x00000000e0000000)
  object space 424448K, 15% used [0x00000000a0000000,0x00000000a402a1c8,0x00000000b9e80000)
 Metaspace       used 91436K, capacity 96306K, committed 96536K, reserved 1132544K
  class space    used 12086K, capacity 12977K, committed 13096K, reserved 1048576K
}
Event: 1095.359 GC heap before
{Heap before GC invocations=12 (full 3):
 PSYoungGen      total 447488K, used 307755K [0x00000000e0000000, 0x0000000100000000, 0x0000000100000000)
  eden space 413696K, 66% used [0x00000000e0000000,0x00000000f0b8d130,0x00000000f9400000)
  from space 33792K, 99% used [0x00000000fdf00000,0x00000000ffffde20,0x0000000100000000)
  to   space 55296K, 0% used [0x00000000f9400000,0x00000000f9400000,0x00000000fca00000)
 ParOldGen       total 424448K, used 65704K [0x00000000a0000000, 0x00000000b9e80000, 0x00000000e0000000)
  object space 424448K, 15% used [0x00000000a0000000,0x00000000a402a1c8,0x00000000b9e80000)
 Metaspace       used 93481K, capacity 98590K, committed 98600K, reserved 1134592K
  class space    used 12254K, capacity 13215K, committed 13224K, reserved 1048576K
Event: 1095.386 GC heap after
Heap after GC invocations=12 (full 3):
 PSYoungGen      total 442880K, used 38980K [0x00000000e0000000, 0x00000000ff900000, 0x0000000100000000)
  eden space 403456K, 0% used [0x00000000e0000000,0x00000000e0000000,0x00000000f8a00000)
  from space 39424K, 98% used [0x00000000f9400000,0x00000000fba110e0,0x00000000fba80000)
  to   space 56832K, 0% used [0x00000000fc180000,0x00000000fc180000,0x00000000ff900000)
 ParOldGen       total 424448K, used 65712K [0x00000000a0000000, 0x00000000b9e80000, 0x00000000e0000000)
  object space 424448K, 15% used [0x00000000a0000000,0x00000000a402c1c8,0x00000000b9e80000)
 Metaspace       used 93481K, capacity 98590K, committed 98600K, reserved 1134592K
  class space    used 12254K, capacity 13215K, committed 13224K, reserved 1048576K
}
Event: 1095.386 GC heap before
{Heap before GC invocations=13 (full 4):
 PSYoungGen      total 442880K, used 38980K [0x00000000e0000000, 0x00000000ff900000, 0x0000000100000000)
  eden space 403456K, 0% used [0x00000000e0000000,0x00000000e0000000,0x00000000f8a00000)
  from space 39424K, 98% used [0x00000000f9400000,0x00000000fba110e0,0x00000000fba80000)
  to   space 56832K, 0% used [0x00000000fc180000,0x00000000fc180000,0x00000000ff900000)
 ParOldGen       total 424448K, used 65712K [0x00000000a0000000, 0x00000000b9e80000, 0x00000000e0000000)
  object space 424448K, 15% used [0x00000000a0000000,0x00000000a402c1c8,0x00000000b9e80000)
 Metaspace       used 93481K, capacity 98590K, committed 98600K, reserved 1134592K
  class space    used 12254K, capacity 13215K, committed 13224K, reserved 1048576K
Event: 1095.524 GC heap after
Heap after GC invocations=13 (full 4):
 PSYoungGen      total 442880K, used 0K [0x00000000e0000000, 0x00000000ff900000, 0x0000000100000000)
  eden space 403456K, 0% used [0x00000000e0000000,0x00000000e0000000,0x00000000f8a00000)
  from space 39424K, 0% used [0x00000000f9400000,0x00000000f9400000,0x00000000fba80000)
  to   space 56832K, 0% used [0x00000000fc180000,0x00000000fc180000,0x00000000ff900000)
 ParOldGen       total 626176K, used 56317K [0x00000000a0000000, 0x00000000c6380000, 0x00000000e0000000)
  object space 626176K, 8% used [0x00000000a0000000,0x00000000a36ff420,0x00000000c6380000)
 Metaspace       used 92692K, capacity 96394K, committed 98600K, reserved 1134592K
  class space    used 11994K, capacity 12761K, committed 13224K, reserved 1048576K
}
Event: 1099.517 GC heap before
{Heap before GC invocations=14 (full 4):
 PSYoungGen      total 442880K, used 403456K [0x00000000e0000000, 0x00000000ff900000, 0x0000000100000000)
  eden space 403456K, 100% used [0x00000000e0000000,0x00000000f8a00000,0x00000000f8a00000)
  from space 39424K, 0% used [0x00000000f9400000,0x00000000f9400000,0x00000000fba80000)
  to   space 56832K, 0% used [0x00000000fc180000,0x00000000fc180000,0x00000000ff900000)
 ParOldGen       total 626176K, used 56317K [0x00000000a0000000, 0x00000000c6380000, 0x00000000e0000000)
  object space 626176K, 8% used [0x00000000a0000000,0x00000000a36ff420,0x00000000c6380000)
 Metaspace       used 93802K, capacity 97772K, committed 99480K, reserved 1136640K
  class space    used 12072K, capacity 12860K, committed 13224K, reserved 1048576K
Event: 1099.538 GC heap after
Heap after GC invocations=14 (full 4):
 PSYoungGen      total 459264K, used 38514K [0x00000000e0000000, 0x0000000100000000, 0x0000000100000000)
  eden space 402432K, 0% used [0x00000000e0000000,0x00000000e0000000,0x00000000f8900000)
  from space 56832K, 67% used [0x00000000fc180000,0x00000000fe71c930,0x00000000ff900000)
  to   space 57856K, 0% used [0x00000000f8900000,0x00000000f8900000,0x00000000fc180000)
 ParOldGen       total 626176K, used 56325K [0x00000000a0000000, 0x00000000c6380000, 0x00000000e0000000)
  object space 626176K, 8% used [0x00000000a0000000,0x00000000a3701420,0x00000000c6380000)
 Metaspace       used 93802K, capacity 97772K, committed 99480K, reserved 1136640K
  class space    used 12072K, capacity 12860K, committed 13224K, reserved 1048576K
}

